This file contains any messages produced by compilers while
running configure, to aid debugging if configure makes a mistake.

It was created by configure, which was
generated by GNU Autoconf 2.69.  Invocation command line was

  $ ./configure 

## --------- ##
## Platform. ##
## --------- ##

hostname = pfeaes18-Linux
uname -m = x86_64
uname -r = 5.15.0-60-generic
uname -s = Linux
uname -v = #66~20.04.1-Ubuntu SMP Wed Jan 25 09:41:30 UTC 2023

/usr/bin/uname -p = x86_64
/bin/uname -X     = unknown

/bin/arch              = x86_64
/usr/bin/arch -k       = unknown
/usr/convex/getsysinfo = unknown
/usr/bin/hostinfo      = unknown
/bin/machine           = unknown
/usr/bin/oslevel       = unknown
/bin/universe          = unknown

PATH: /usr/local/sbin
PATH: /usr/local/bin
PATH: /usr/sbin
PATH: /usr/bin
PATH: /sbin
PATH: /bin
PATH: /usr/games
PATH: /usr/local/games
PATH: /snap/bin


## ----------- ##
## Core tests. ##
## ----------- ##

configure:2261: checking for a BSD-compatible install
configure:2329: result: /usr/bin/install -c
configure:2340: checking whether build environment is sane
configure:2395: result: yes
configure:2544: checking for a thread-safe mkdir -p
configure:2583: result: /usr/bin/mkdir -p
configure:2590: checking for gawk
configure:2606: found /usr/bin/gawk
configure:2617: result: gawk
configure:2628: checking whether make sets $(MAKE)
configure:2650: result: yes
configure:2679: checking whether make supports nested variables
configure:2696: result: yes
configure:2828: checking whether make supports the include directive
configure:2843: make -f confmf.GNU && cat confinc.out
this is the am__doit target
configure:2846: $? = 0
configure:2865: result: yes (GNU style)
configure:2935: checking for gcc
configure:2951: found /usr/bin/gcc
configure:2962: result: gcc
configure:3191: checking for C compiler version
configure:3200: gcc --version >&5
gcc (Ubuntu 9.4.0-1ubuntu1~20.04.1) 9.4.0
Copyright (C) 2019 Free Software Foundation, Inc.
This is free software; see the source for copying conditions.  There is NO
warranty; not even for MERCHANTABILITY or FITNESS FOR A PARTICULAR PURPOSE.

configure:3211: $? = 0
configure:3200: gcc -v >&5
Using built-in specs.
COLLECT_GCC=gcc
COLLECT_LTO_WRAPPER=/usr/lib/gcc/x86_64-linux-gnu/9/lto-wrapper
OFFLOAD_TARGET_NAMES=nvptx-none:hsa
OFFLOAD_TARGET_DEFAULT=1
Target: x86_64-linux-gnu
Configured with: ../src/configure -v --with-pkgversion='Ubuntu 9.4.0-1ubuntu1~20.04.1' --with-bugurl=file:///usr/share/doc/gcc-9/README.Bugs --enable-languages=c,ada,c++,go,brig,d,fortran,objc,obj-c++,gm2 --prefix=/usr --with-gcc-major-version-only --program-suffix=-9 --program-prefix=x86_64-linux-gnu- --enable-shared --enable-linker-build-id --libexecdir=/usr/lib --without-included-gettext --enable-threads=posix --libdir=/usr/lib --enable-nls --enable-clocale=gnu --enable-libstdcxx-debug --enable-libstdcxx-time=yes --with-default-libstdcxx-abi=new --enable-gnu-unique-object --disable-vtable-verify --enable-plugin --enable-default-pie --with-system-zlib --with-target-system-zlib=auto --enable-objc-gc=auto --enable-multiarch --disable-werror --with-arch-32=i686 --with-abi=m64 --with-multilib-list=m32,m64,mx32 --enable-multilib --with-tune=generic --enable-offload-targets=nvptx-none=/build/gcc-9-Av3uEd/gcc-9-9.4.0/debian/tmp-nvptx/usr,hsa --without-cuda-driver --enable-checking=release --build=x86_64-linux-gnu --host=x86_64-linux-gnu --target=x86_64-linux-gnu
Thread model: posix
gcc version 9.4.0 (Ubuntu 9.4.0-1ubuntu1~20.04.1) 
configure:3211: $? = 0
configure:3200: gcc -V >&5
gcc: error: unrecognized command line option '-V'
gcc: fatal error: no input files
compilation terminated.
configure:3211: $? = 1
configure:3200: gcc -qversion >&5
gcc: error: unrecognized command line option '-qversion'; did you mean '--version'?
gcc: fatal error: no input files
compilation terminated.
configure:3211: $? = 1
configure:3231: checking whether the C compiler works
configure:3253: gcc    conftest.c  >&5
configure:3257: $? = 0
configure:3305: result: yes
configure:3308: checking for C compiler default output file name
configure:3310: result: a.out
configure:3316: checking for suffix of executables
configure:3323: gcc -o conftest    conftest.c  >&5
configure:3327: $? = 0
configure:3349: result: 
configure:3371: checking whether we are cross compiling
configure:3379: gcc -o conftest    conftest.c  >&5
configure:3383: $? = 0
configure:3390: ./conftest
configure:3394: $? = 0
configure:3382: result: no
configure:3387: checking for suffix of object files
configure:3409: gcc -c   conftest.c >&5
configure:3413: $? = 0
configure:3434: result: o
configure:3438: checking whether we are using the GNU C compiler
configure:3457: gcc -c   conftest.c >&5
configure:3457: $? = 0
configure:3466: result: yes
configure:3475: checking whether gcc accepts -g
configure:3495: gcc -c -g  conftest.c >&5
configure:3495: $? = 0
configure:3536: result: yes
configure:3553: checking for gcc option to accept ISO C89
configure:3616: gcc  -c -g -O2  conftest.c >&5
configure:3616: $? = 0
configure:3629: result: none needed
configure:3654: checking whether gcc understands -c and -o together
configure:3676: gcc -c conftest.c -o conftest2.o
configure:3679: $? = 0
configure:3676: gcc -c conftest.c -o conftest2.o
configure:3679: $? = 0
configure:3691: result: yes
configure:3710: checking dependency style of gcc
configure:3821: result: gcc3
configure:3842: checking how to run the C preprocessor
configure:3873: gcc -E  conftest.c
configure:3873: $? = 0
configure:3887: gcc -E  conftest.c
conftest.c:11:10: fatal error: ac_nonexistent.h: No such file or directory
   11 | #include <ac_nonexistent.h>
      |          ^~~~~~~~~~~~~~~~~~
compilation terminated.
configure:3887: $? = 1
configure: failed program was:
| /* confdefs.h */
| #define PACKAGE_NAME ""
| #define PACKAGE_TARNAME ""
| #define PACKAGE_VERSION ""
| #define PACKAGE_STRING ""
| #define PACKAGE_BUGREPORT ""
| #define PACKAGE_URL ""
| #define PACKAGE "itsnet"
| #define VERSION "1.1"
| /* end confdefs.h.  */
| #include <ac_nonexistent.h>
configure:3912: result: gcc -E
configure:3932: gcc -E  conftest.c
configure:3932: $? = 0
configure:3946: gcc -E  conftest.c
conftest.c:11:10: fatal error: ac_nonexistent.h: No such file or directory
   11 | #include <ac_nonexistent.h>
      |          ^~~~~~~~~~~~~~~~~~
compilation terminated.
configure:3946: $? = 1
configure: failed program was:
| /* confdefs.h */
| #define PACKAGE_NAME ""
| #define PACKAGE_TARNAME ""
| #define PACKAGE_VERSION ""
| #define PACKAGE_STRING ""
| #define PACKAGE_BUGREPORT ""
| #define PACKAGE_URL ""
| #define PACKAGE "itsnet"
| #define VERSION "1.1"
| /* end confdefs.h.  */
| #include <ac_nonexistent.h>
configure:3975: checking for grep that handles long lines and -e
configure:4033: result: /usr/bin/grep
configure:4038: checking for egrep
configure:4100: result: /usr/bin/grep -E
configure:4105: checking for ANSI C header files
configure:4125: gcc -c -g -O2  conftest.c >&5
configure:4125: $? = 0
configure:4198: gcc -o conftest -g -O2   conftest.c  >&5
configure:4198: $? = 0
configure:4198: ./conftest
configure:4198: $? = 0
configure:4209: result: yes
configure:4222: checking for sys/types.h
configure:4222: gcc -c -g -O2  conftest.c >&5
configure:4222: $? = 0
configure:4222: result: yes
configure:4222: checking for sys/stat.h
configure:4222: gcc -c -g -O2  conftest.c >&5
configure:4222: $? = 0
configure:4222: result: yes
configure:4222: checking for stdlib.h
configure:4222: gcc -c -g -O2  conftest.c >&5
configure:4222: $? = 0
configure:4222: result: yes
configure:4222: checking for string.h
configure:4222: gcc -c -g -O2  conftest.c >&5
configure:4222: $? = 0
configure:4222: result: yes
configure:4222: checking for memory.h
configure:4222: gcc -c -g -O2  conftest.c >&5
configure:4222: $? = 0
configure:4222: result: yes
configure:4222: checking for strings.h
configure:4222: gcc -c -g -O2  conftest.c >&5
configure:4222: $? = 0
configure:4222: result: yes
configure:4222: checking for inttypes.h
configure:4222: gcc -c -g -O2  conftest.c >&5
configure:4222: $? = 0
configure:4222: result: yes
configure:4222: checking for stdint.h
configure:4222: gcc -c -g -O2  conftest.c >&5
configure:4222: $? = 0
configure:4222: result: yes
configure:4222: checking for unistd.h
configure:4222: gcc -c -g -O2  conftest.c >&5
configure:4222: $? = 0
configure:4222: result: yes
configure:4235: checking minix/config.h usability
configure:4235: gcc -c -g -O2  conftest.c >&5
conftest.c:54:10: fatal error: minix/config.h: No such file or directory
   54 | #include <minix/config.h>
      |          ^~~~~~~~~~~~~~~~
compilation terminated.
configure:4235: $? = 1
configure: failed program was:
| /* confdefs.h */
| #define PACKAGE_NAME ""
| #define PACKAGE_TARNAME ""
| #define PACKAGE_VERSION ""
| #define PACKAGE_STRING ""
| #define PACKAGE_BUGREPORT ""
| #define PACKAGE_URL ""
| #define PACKAGE "itsnet"
| #define VERSION "1.1"
| #define STDC_HEADERS 1
| #define HAVE_SYS_TYPES_H 1
| #define HAVE_SYS_STAT_H 1
| #define HAVE_STDLIB_H 1
| #define HAVE_STRING_H 1
| #define HAVE_MEMORY_H 1
| #define HAVE_STRINGS_H 1
| #define HAVE_INTTYPES_H 1
| #define HAVE_STDINT_H 1
| #define HAVE_UNISTD_H 1
| /* end confdefs.h.  */
| #include <stdio.h>
| #ifdef HAVE_SYS_TYPES_H
| # include <sys/types.h>
| #endif
| #ifdef HAVE_SYS_STAT_H
| # include <sys/stat.h>
| #endif
| #ifdef STDC_HEADERS
| # include <stdlib.h>
| # include <stddef.h>
| #else
| # ifdef HAVE_STDLIB_H
| #  include <stdlib.h>
| # endif
| #endif
| #ifdef HAVE_STRING_H
| # if !defined STDC_HEADERS && defined HAVE_MEMORY_H
| #  include <memory.h>
| # endif
| # include <string.h>
| #endif
| #ifdef HAVE_STRINGS_H
| # include <strings.h>
| #endif
| #ifdef HAVE_INTTYPES_H
| # include <inttypes.h>
| #endif
| #ifdef HAVE_STDINT_H
| # include <stdint.h>
| #endif
| #ifdef HAVE_UNISTD_H
| # include <unistd.h>
| #endif
| #include <minix/config.h>
configure:4235: result: no
configure:4235: checking minix/config.h presence
configure:4235: gcc -E  conftest.c
conftest.c:21:10: fatal error: minix/config.h: No such file or directory
   21 | #include <minix/config.h>
      |          ^~~~~~~~~~~~~~~~
compilation terminated.
configure:4235: $? = 1
configure: failed program was:
| /* confdefs.h */
| #define PACKAGE_NAME ""
| #define PACKAGE_TARNAME ""
| #define PACKAGE_VERSION ""
| #define PACKAGE_STRING ""
| #define PACKAGE_BUGREPORT ""
| #define PACKAGE_URL ""
| #define PACKAGE "itsnet"
| #define VERSION "1.1"
| #define STDC_HEADERS 1
| #define HAVE_SYS_TYPES_H 1
| #define HAVE_SYS_STAT_H 1
| #define HAVE_STDLIB_H 1
| #define HAVE_STRING_H 1
| #define HAVE_MEMORY_H 1
| #define HAVE_STRINGS_H 1
| #define HAVE_INTTYPES_H 1
| #define HAVE_STDINT_H 1
| #define HAVE_UNISTD_H 1
| /* end confdefs.h.  */
| #include <minix/config.h>
configure:4235: result: no
configure:4235: checking for minix/config.h
configure:4235: result: no
configure:4256: checking whether it is safe to define __EXTENSIONS__
configure:4274: gcc -c -g -O2  conftest.c >&5
configure:4274: $? = 0
configure:4281: result: yes
configure:4350: checking for gcc
configure:4377: result: gcc
configure:4606: checking for C compiler version
configure:4615: gcc --version >&5
gcc (Ubuntu 9.4.0-1ubuntu1~20.04.1) 9.4.0
Copyright (C) 2019 Free Software Foundation, Inc.
This is free software; see the source for copying conditions.  There is NO
warranty; not even for MERCHANTABILITY or FITNESS FOR A PARTICULAR PURPOSE.

configure:4626: $? = 0
configure:4615: gcc -v >&5
Using built-in specs.
COLLECT_GCC=gcc
COLLECT_LTO_WRAPPER=/usr/lib/gcc/x86_64-linux-gnu/9/lto-wrapper
OFFLOAD_TARGET_NAMES=nvptx-none:hsa
OFFLOAD_TARGET_DEFAULT=1
Target: x86_64-linux-gnu
Configured with: ../src/configure -v --with-pkgversion='Ubuntu 9.4.0-1ubuntu1~20.04.1' --with-bugurl=file:///usr/share/doc/gcc-9/README.Bugs --enable-languages=c,ada,c++,go,brig,d,fortran,objc,obj-c++,gm2 --prefix=/usr --with-gcc-major-version-only --program-suffix=-9 --program-prefix=x86_64-linux-gnu- --enable-shared --enable-linker-build-id --libexecdir=/usr/lib --without-included-gettext --enable-threads=posix --libdir=/usr/lib --enable-nls --enable-clocale=gnu --enable-libstdcxx-debug --enable-libstdcxx-time=yes --with-default-libstdcxx-abi=new --enable-gnu-unique-object --disable-vtable-verify --enable-plugin --enable-default-pie --with-system-zlib --with-target-system-zlib=auto --enable-objc-gc=auto --enable-multiarch --disable-werror --with-arch-32=i686 --with-abi=m64 --with-multilib-list=m32,m64,mx32 --enable-multilib --with-tune=generic --enable-offload-targets=nvptx-none=/build/gcc-9-Av3uEd/gcc-9-9.4.0/debian/tmp-nvptx/usr,hsa --without-cuda-driver --enable-checking=release --build=x86_64-linux-gnu --host=x86_64-linux-gnu --target=x86_64-linux-gnu
Thread model: posix
gcc version 9.4.0 (Ubuntu 9.4.0-1ubuntu1~20.04.1) 
configure:4626: $? = 0
configure:4615: gcc -V >&5
gcc: error: unrecognized command line option '-V'
gcc: fatal error: no input files
compilation terminated.
configure:4626: $? = 1
configure:4615: gcc -qversion >&5
gcc: error: unrecognized command line option '-qversion'; did you mean '--version'?
gcc: fatal error: no input files
compilation terminated.
configure:4626: $? = 1
configure:4630: checking whether we are using the GNU C compiler
configure:4658: result: yes
configure:4667: checking whether gcc accepts -g
configure:4728: result: yes
configure:4745: checking for gcc option to accept ISO C89
configure:4821: result: none needed
configure:4846: checking whether gcc understands -c and -o together
configure:4883: result: yes
configure:4902: checking dependency style of gcc
configure:5013: result: gcc3
configure:5057: checking build system type
configure:5071: result: x86_64-pc-linux-gnu
configure:5091: checking host system type
configure:5104: result: x86_64-pc-linux-gnu
configure:5145: checking how to print strings
configure:5172: result: printf
configure:5193: checking for a sed that does not truncate output
configure:5257: result: /usr/bin/sed
configure:5275: checking for fgrep
configure:5337: result: /usr/bin/grep -F
configure:5372: checking for ld used by gcc
configure:5439: result: /usr/bin/ld
configure:5446: checking if the linker (/usr/bin/ld) is GNU ld
configure:5461: result: yes
configure:5473: checking for BSD- or MS-compatible name lister (nm)
configure:5527: result: /usr/bin/nm -B
configure:5657: checking the name lister (/usr/bin/nm -B) interface
configure:5664: gcc -c -g -O2  conftest.c >&5
configure:5667: /usr/bin/nm -B "conftest.o"
configure:5670: output
0000000000000000 B some_variable
configure:5671: result: BSD nm
configure:5674: checking whether ln -s works
configure:5678: result: yes
configure:5686: checking the maximum length of command line arguments
configure:5817: result: 1572864
configure:5865: checking how to convert x86_64-pc-linux-gnu file names to x86_64-pc-linux-gnu format
configure:5905: result: func_convert_file_noop
configure:5912: checking how to convert x86_64-pc-linux-gnu file names to toolchain format
configure:5932: result: func_convert_file_noop
configure:5939: checking for /usr/bin/ld option to reload object files
configure:5946: result: -r
configure:6020: checking for objdump
configure:6036: found /usr/bin/objdump
configure:6047: result: objdump
configure:6079: checking how to recognize dependent libraries
configure:6279: result: pass_all
configure:6364: checking for dlltool
configure:6394: result: no
configure:6424: checking how to associate runtime and link libraries
configure:6451: result: printf %s\n
configure:6511: checking for ar
configure:6527: found /usr/bin/ar
configure:6538: result: ar
configure:6575: checking for archiver @FILE support
configure:6592: gcc -c -g -O2  conftest.c >&5
configure:6592: $? = 0
configure:6595: ar cru libconftest.a @conftest.lst >&5
ar: `u' modifier ignored since `D' is the default (see `U')
configure:6598: $? = 0
configure:6603: ar cru libconftest.a @conftest.lst >&5
ar: `u' modifier ignored since `D' is the default (see `U')
ar: conftest.o: No such file or directory
configure:6606: $? = 1
configure:6605: result: @
configure:6663: checking for strip
configure:6679: found /usr/bin/strip
configure:6690: result: strip
configure:6762: checking for ranlib
configure:6778: found /usr/bin/ranlib
configure:6789: result: ranlib
configure:6891: checking command to parse /usr/bin/nm -B output from gcc object
configure:7044: gcc -c -g -O2  conftest.c >&5
configure:7047: $? = 0
configure:7051: /usr/bin/nm -B conftest.o \| sed -n -e 's/^.*[ ]\([ABCDGIRSTW][ABCDGIRSTW]*\)[ ][ ]*\([_A-Za-z][_A-Za-z0-9]*\)$/\1 \2 \2/p' | sed '/ __gnu_lto/d' \> conftest.nm
configure:7054: $? = 0
configure:7120: gcc -o conftest -g -O2   conftest.c conftstm.o >&5
configure:7123: $? = 0
configure:7161: result: ok
configure:7208: checking for sysroot
configure:7238: result: no
configure:7245: checking for a working dd
configure:7283: result: /usr/bin/dd
configure:7287: checking how to truncate binary pipes
configure:7302: result: /usr/bin/dd bs=4096 count=1
configure:7438: gcc -c -g -O2  conftest.c >&5
configure:7441: $? = 0
configure:7631: checking for mt
configure:7647: found /usr/bin/mt
configure:7658: result: mt
configure:7681: checking if mt is a manifest tool
configure:7687: mt '-?'
configure:7695: result: no
configure:8369: checking for dlfcn.h
configure:8369: gcc -c -g -O2  conftest.c >&5
configure:8369: $? = 0
configure:8369: result: yes
configure:8625: checking for objdir
configure:8640: result: .libs
configure:8900: checking if gcc supports -fno-rtti -fno-exceptions
configure:8918: gcc -c -g -O2  -fno-rtti -fno-exceptions conftest.c >&5
cc1: warning: command line option '-fno-rtti' is valid for C++/D/ObjC++ but not for C
configure:8922: $? = 0
configure:8935: result: no
configure:9293: checking for gcc option to produce PIC
configure:9300: result: -fPIC -DPIC
configure:9308: checking if gcc PIC flag -fPIC -DPIC works
configure:9326: gcc -c -g -O2  -fPIC -DPIC -DPIC conftest.c >&5
configure:9330: $? = 0
configure:9343: result: yes
configure:9372: checking if gcc static flag -static works
configure:9400: result: yes
configure:9415: checking if gcc supports -c -o file.o
configure:9436: gcc -c -g -O2  -o out/conftest2.o conftest.c >&5
configure:9440: $? = 0
configure:9462: result: yes
configure:9470: checking if gcc supports -c -o file.o
configure:9517: result: yes
configure:9550: checking whether the gcc linker (/usr/bin/ld -m elf_x86_64) supports shared libraries
configure:10809: result: yes
configure:10846: checking whether -lc should be explicitly linked in
configure:10854: gcc -c -g -O2  conftest.c >&5
configure:10857: $? = 0
configure:10872: gcc -shared  -fPIC -DPIC conftest.o  -v -Wl,-soname -Wl,conftest -o conftest 2\>\&1 \| /usr/bin/grep  -lc  \>/dev/null 2\>\&1
configure:10875: $? = 0
configure:10889: result: no
configure:11049: checking dynamic linker characteristics
configure:11630: gcc -o conftest -g -O2   -Wl,-rpath -Wl,/foo conftest.c  >&5
configure:11630: $? = 0
configure:11870: result: GNU/Linux ld.so
configure:11992: checking how to hardcode library paths into programs
configure:12017: result: immediate
configure:12565: checking whether stripping libraries is possible
configure:12570: result: yes
configure:12605: checking if libtool supports shared libraries
configure:12607: result: yes
configure:12610: checking whether to build shared libraries
configure:12635: result: yes
configure:12638: checking whether to build static libraries
configure:12642: result: yes
configure:9469: checking for sin in -lm
configure:9494: gcc -o conftest -g -O2   conftest.c -lm   >&5
conftest.c:35:6: warning: conflicting types for built-in function 'sin'; expected 'double(double)' [-Wbuiltin-declaration-mismatch]
   35 | char sin ();
      |      ^~~
conftest.c:1:1: note: 'sin' is declared in header '<math.h>'
    1 | /* confdefs.h */
configure:9494: $? = 0
configure:9503: result: yes
configure:9516: checking for gps_open in -lgps
configure:9541: gcc -o conftest -g -O2   conftest.c -lgps  -lm  >&5
configure:9541: $? = 0
configure:9550: result: yes
configure:9563: checking for pthread_create in -lpthread
configure:9588: gcc -o conftest -g -O2   conftest.c -lpthread  -lgps -lm  >&5
configure:9588: $? = 0
configure:9597: result: yes
configure:9610: checking for clock_gettime in -lrt
configure:9635: gcc -o conftest -g -O2   conftest.c -lrt  -lpthread -lgps -lm  >&5
configure:9635: $? = 0
configure:9644: result: yes
configure:9657: checking for cfg_init in -lconfuse
configure:9682: gcc -o conftest -g -O2   conftest.c -lconfuse  -lrt -lpthread -lgps -lm  >&5
configure:9682: $? = 0
configure:9691: result: yes
configure:9807: checking that generated files are newer than configure
configure:9813: result: done
configure:9840: creating ./config.status

## ---------------------- ##
## Running config.status. ##
## ---------------------- ##

This file was extended by config.status, which was
generated by GNU Autoconf 2.69.  Invocation command line was

  CONFIG_FILES    = 
  CONFIG_HEADERS  = 
  CONFIG_LINKS    = 
  CONFIG_COMMANDS = 
  $ ./config.status 

on pfeaes18-Linux

config.status:1091: creating Makefile
config.status:1091: creating src/Makefile
config.status:1091: creating config.h
config.status:1272: config.h is unchanged
config.status:1320: executing depfiles commands
config.status:1397: cd src       && sed -e '/# am--include-marker/d' Makefile         | make -f - am--depfiles
make: Nothing to be done for 'am--depfiles'.
config.status:1402: $? = 0
config.status:1320: executing libtool commands

## ---------------- ##
## Cache variables. ##
## ---------------- ##

ac_cv_build=x86_64-pc-linux-gnu
ac_cv_c_compiler_gnu=yes
ac_cv_env_CC_set=
ac_cv_env_CC_value=
ac_cv_env_CFLAGS_set=
ac_cv_env_CFLAGS_value=
ac_cv_env_CPPFLAGS_set=
ac_cv_env_CPPFLAGS_value=
ac_cv_env_CPP_set=
ac_cv_env_CPP_value=
ac_cv_env_LDFLAGS_set=
ac_cv_env_LDFLAGS_value=
ac_cv_env_LIBS_set=
ac_cv_env_LIBS_value=
ac_cv_env_LT_SYS_LIBRARY_PATH_set=
ac_cv_env_LT_SYS_LIBRARY_PATH_value=
ac_cv_env_build_alias_set=
ac_cv_env_build_alias_value=
ac_cv_env_host_alias_set=
ac_cv_env_host_alias_value=
ac_cv_env_target_alias_set=
ac_cv_env_target_alias_value=
ac_cv_header_dlfcn_h=yes
ac_cv_header_inttypes_h=yes
ac_cv_header_memory_h=yes
ac_cv_header_minix_config_h=no
ac_cv_header_stdc=yes
ac_cv_header_stdint_h=yes
ac_cv_header_stdlib_h=yes
ac_cv_header_string_h=yes
ac_cv_header_strings_h=yes
ac_cv_header_sys_stat_h=yes
ac_cv_header_sys_types_h=yes
ac_cv_header_unistd_h=yes
ac_cv_host=x86_64-pc-linux-gnu
ac_cv_lib_confuse_cfg_init=yes
ac_cv_lib_gps_gps_open=yes
ac_cv_lib_m_sin=yes
ac_cv_lib_pthread_pthread_create=yes
ac_cv_lib_rt_clock_gettime=yes
ac_cv_objext=o
ac_cv_path_EGREP='/usr/bin/grep -E'
ac_cv_path_FGREP='/usr/bin/grep -F'
ac_cv_path_GREP=/usr/bin/grep
ac_cv_path_SED=/usr/bin/sed
ac_cv_path_install='/usr/bin/install -c'
ac_cv_path_lt_DD=/usr/bin/dd
ac_cv_path_mkdir=/usr/bin/mkdir
ac_cv_prog_AWK=gawk
ac_cv_prog_CPP='gcc -E'
ac_cv_prog_ac_ct_AR=ar
ac_cv_prog_ac_ct_CC=gcc
ac_cv_prog_ac_ct_MANIFEST_TOOL=mt
ac_cv_prog_ac_ct_OBJDUMP=objdump
ac_cv_prog_ac_ct_RANLIB=ranlib
ac_cv_prog_ac_ct_STRIP=strip
ac_cv_prog_cc_c89=
ac_cv_prog_cc_g=yes
ac_cv_prog_make_make_set=yes
ac_cv_safe_to_define___extensions__=yes
am_cv_CC_dependencies_compiler_type=gcc3
am_cv_make_support_nested_variables=yes
am_cv_prog_cc_c_o=yes
lt_cv_ar_at_file=@
lt_cv_archive_cmds_need_lc=no
lt_cv_deplibs_check_method=pass_all
lt_cv_file_magic_cmd='$MAGIC_CMD'
lt_cv_file_magic_test_file=
lt_cv_ld_reload_flag=-r
lt_cv_nm_interface='BSD nm'
lt_cv_objdir=.libs
lt_cv_path_LD=/usr/bin/ld
lt_cv_path_NM='/usr/bin/nm -B'
lt_cv_path_mainfest_tool=no
lt_cv_prog_compiler_c_o=yes
lt_cv_prog_compiler_pic='-fPIC -DPIC'
lt_cv_prog_compiler_pic_works=yes
lt_cv_prog_compiler_rtti_exceptions=no
lt_cv_prog_compiler_static_works=yes
lt_cv_prog_gnu_ld=yes
lt_cv_sharedlib_from_linklib_cmd='printf %s\n'
lt_cv_shlibpath_overrides_runpath=yes
lt_cv_sys_global_symbol_pipe='sed -n -e '\''s/^.*[	 ]\([ABCDGIRSTW][ABCDGIRSTW]*\)[	 ][	 ]*\([_A-Za-z][_A-Za-z0-9]*\)$/\1 \2 \2/p'\'' | sed '\''/ __gnu_lto/d'\'''
lt_cv_sys_global_symbol_to_c_name_address='sed -n -e '\''s/^: \(.*\) .*$/  {"\1", (void *) 0},/p'\'' -e '\''s/^[ABCDGIRSTW][ABCDGIRSTW]* .* \(.*\)$/  {"\1", (void *) \&\1},/p'\'''
lt_cv_sys_global_symbol_to_c_name_address_lib_prefix='sed -n -e '\''s/^: \(.*\) .*$/  {"\1", (void *) 0},/p'\'' -e '\''s/^[ABCDGIRSTW][ABCDGIRSTW]* .* \(lib.*\)$/  {"\1", (void *) \&\1},/p'\'' -e '\''s/^[ABCDGIRSTW][ABCDGIRSTW]* .* \(.*\)$/  {"lib\1", (void *) \&\1},/p'\'''
lt_cv_sys_global_symbol_to_cdecl='sed -n -e '\''s/^T .* \(.*\)$/extern int \1();/p'\'' -e '\''s/^[ABCDGIRSTW][ABCDGIRSTW]* .* \(.*\)$/extern char \1;/p'\'''
lt_cv_sys_global_symbol_to_import=
lt_cv_sys_max_cmd_len=1572864
lt_cv_to_host_file_cmd=func_convert_file_noop
lt_cv_to_tool_file_cmd=func_convert_file_noop
lt_cv_truncate_bin='/usr/bin/dd bs=4096 count=1'

## ----------------- ##
## Output variables. ##
## ----------------- ##

ACLOCAL='${SHELL} /home/pfe-aes-18/covCrav/itsnet/missing aclocal-1.16'
AMDEPBACKSLASH='\'
AMDEP_FALSE='#'
AMDEP_TRUE=''
AMTAR='$${TAR-tar}'
AM_BACKSLASH='\'
AM_DEFAULT_V='$(AM_DEFAULT_VERBOSITY)'
AM_DEFAULT_VERBOSITY='1'
AM_V='$(V)'
AR='ar'
AUTOCONF='${SHELL} /home/pfe-aes-18/covCrav/itsnet/missing autoconf'
AUTOHEADER='${SHELL} /home/pfe-aes-18/covCrav/itsnet/missing autoheader'
AUTOMAKE='${SHELL} /home/pfe-aes-18/covCrav/itsnet/missing automake-1.16'
AWK='gawk'
CC='gcc'
CCDEPMODE='depmode=gcc3'
CFLAGS='-g -O2'
CPP='gcc -E'
CPPFLAGS=''
CYGPATH_W='echo'
DEFS='-DHAVE_CONFIG_H'
DEPDIR='.deps'
DLLTOOL='false'
DSYMUTIL=''
DUMPBIN=''
ECHO_C=''
ECHO_N='-n'
ECHO_T=''
EGREP='/usr/bin/grep -E'
EXEEXT=''
FGREP='/usr/bin/grep -F'
GREP='/usr/bin/grep'
INSTALL_DATA='${INSTALL} -m 644'
INSTALL_PROGRAM='${INSTALL}'
INSTALL_SCRIPT='${INSTALL}'
INSTALL_STRIP_PROGRAM='$(install_sh) -c -s'
LD='/usr/bin/ld -m elf_x86_64'
LDFLAGS=''
LIBOBJS=''
LIBS='-lconfuse -lrt -lpthread -lgps -lm '
LIBTOOL='$(SHELL) $(top_builddir)/libtool'
LIPO=''
LN_S='ln -s'
LTLIBOBJS=''
LT_SYS_LIBRARY_PATH=''
MAKEINFO='${SHELL} /home/pfe-aes-18/covCrav/itsnet/missing makeinfo'
MANIFEST_TOOL=':'
MKDIR_P='/usr/bin/mkdir -p'
NM='/usr/bin/nm -B'
NMEDIT=''
OBJDUMP='objdump'
OBJEXT='o'
OTOOL64=''
OTOOL=''
PACKAGE='itsnet'
PACKAGE_BUGREPORT=''
PACKAGE_NAME=''
PACKAGE_STRING=''
PACKAGE_TARNAME=''
PACKAGE_URL=''
PACKAGE_VERSION=''
PATH_SEPARATOR=':'
RANLIB='ranlib'
SED='/usr/bin/sed'
SET_MAKE=''
SHELL='/bin/bash'
STRIP='strip'
VERSION='1.1'
ac_ct_AR='ar'
ac_ct_CC='gcc'
ac_ct_DUMPBIN=''
am__EXEEXT_FALSE=''
am__EXEEXT_TRUE='#'
am__fastdepCC_FALSE='#'
am__fastdepCC_TRUE=''
am__include='include'
am__isrc=''
am__leading_dot='.'
am__nodep='_no'
am__quote=''
am__tar='$${TAR-tar} chof - "$$tardir"'
am__untar='$${TAR-tar} xf -'
bindir='${exec_prefix}/bin'
build='x86_64-pc-linux-gnu'
build_alias=''
build_cpu='x86_64'
build_os='linux-gnu'
build_vendor='pc'
datadir='${datarootdir}'
datarootdir='${prefix}/share'
docdir='${datarootdir}/doc/${PACKAGE}'
dvidir='${docdir}'
exec_prefix='${prefix}'
host='x86_64-pc-linux-gnu'
host_alias=''
host_cpu='x86_64'
host_os='linux-gnu'
host_vendor='pc'
htmldir='${docdir}'
includedir='${prefix}/include'
infodir='${datarootdir}/info'
install_sh='${SHELL} /home/pfe-aes-18/covCrav/itsnet/install-sh'
libdir='${exec_prefix}/lib'
libexecdir='${exec_prefix}/libexec'
localedir='${datarootdir}/locale'
localstatedir='${prefix}/var'
mandir='${datarootdir}/man'
mkdir_p='$(MKDIR_P)'
oldincludedir='/usr/include'
pdfdir='${docdir}'
prefix='/usr/local'
program_transform_name='s,x,x,'
psdir='${docdir}'
runstatedir='${localstatedir}/run'
sbindir='${exec_prefix}/sbin'
sharedstatedir='${prefix}/com'
sysconfdir='${prefix}/etc'
target_alias=''

## ----------- ##
## confdefs.h. ##
## ----------- ##

/* confdefs.h */
#define PACKAGE_NAME ""
#define PACKAGE_TARNAME ""
#define PACKAGE_VERSION ""
#define PACKAGE_STRING ""
#define PACKAGE_BUGREPORT ""
#define PACKAGE_URL ""
#define PACKAGE "itsnet"
#define VERSION "1.1"
#define STDC_HEADERS 1
#define HAVE_SYS_TYPES_H 1
#define HAVE_SYS_STAT_H 1
#define HAVE_STDLIB_H 1
#define HAVE_STRING_H 1
#define HAVE_MEMORY_H 1
#define HAVE_STRINGS_H 1
#define HAVE_INTTYPES_H 1
#define HAVE_STDINT_H 1
#define HAVE_UNISTD_H 1
#define __EXTENSIONS__ 1
#define _ALL_SOURCE 1
#define _GNU_SOURCE 1
#define _POSIX_PTHREAD_SEMANTICS 1
#define _TANDEM_SOURCE 1
#define HAVE_DLFCN_H 1
#define LT_OBJDIR ".libs/"
#define HAVE_LIBM 1
#define HAVE_LIBGPS 1
#define HAVE_LIBPTHREAD 1
#define HAVE_LIBRT 1
#define HAVE_LIBCONFUSE 1

configure: exit 0
